<?xml version="1.0" encoding="UTF-8"?>
<!-- Generated by org.testng.reporters.JUnitReportReporter -->
<testsuite skipped="0" hostname="MGHector.local" name="testScripts.TC_LGN_002" tests="1" failures="0" timestamp="2021-05-09T11:32:46 IST" time="14.948" errors="0">
  <testcase name="TC_LGN_002" time="14.948" classname="testScripts.TC_LGN_002"/>
  <system-out/>
</testsuite> <!-- testScripts.TC_LGN_002 -->
